# JRE version: Java(TM) SE Runtime Environment (7.0_51-b13) (build 1.7.0_51-b13)
# Java VM: Java HotSpot(TM) 64-Bit Server VM (24.51-b03 mixed mode bsd-amd64 compressed oops)
Heap
 PSYoungGen      total 73728K, used 7875K [0x00000007aaa80000, 0x00000007b0000000, 0x0000000800000000)
  eden space 62976K, 2% used [0x00000007aaa80000,0x00000007aac0ff38,0x00000007ae800000)
  from space 10752K, 58% used [0x00000007af580000,0x00000007afba0ce0,0x00000007b0000000)
  to   space 12288K, 0% used [0x00000007ae800000,0x00000007ae800000,0x00000007af400000)
 ParOldGen       total 174592K, used 767K [0x0000000700000000, 0x000000070aa80000, 0x00000007aaa80000)
  object space 174592K, 0% used [0x0000000700000000,0x00000007000bff38,0x000000070aa80000)
 PSPermGen       total 21504K, used 18269K [0x00000006fae00000, 0x00000006fc300000, 0x0000000700000000)
  object space 21504K, 84% used [0x00000006fae00000,0x00000006fbfd74d8,0x00000006fc300000)
GC Heap History (10 events):
Event: 9.967 GC heap before
{Heap before GC invocations=2 (full 0):
 PSYoungGen      total 76800K, used 76795K [0x00000007aaa80000, 0x00000007b0000000, 0x0000000800000000)
  eden space 66048K, 100% used [0x00000007aaa80000,0x00000007aeb00000,0x00000007aeb00000)
  from space 10752K, 99% used [0x00000007aeb00000,0x00000007af57ec78,0x00000007af580000)
  to   space 10752K, 0% used [0x00000007af580000,0x00000007af580000,0x00000007b0000000)
 ParOldGen       total 174592K, used 727K [0x0000000700000000, 0x000000070aa80000, 0x00000007aaa80000)
  object space 174592K, 0% used [0x0000000700000000,0x00000007000b5f38,0x000000070aa80000)
 PSPermGen       total 21504K, used 17933K [0x00000006fae00000, 0x00000006fc300000, 0x0000000700000000)
  object space 21504K, 83% used [0x00000006fae00000,0x00000006fbf835d0,0x00000006fc300000)
Event: 9.973 GC heap after
Heap after GC invocations=2 (full 0):
 PSYoungGen      total 76800K, used 8793K [0x00000007aaa80000, 0x00000007b0000000, 0x0000000800000000)
  eden space 66048K, 0% used [0x00000007aaa80000,0x00000007aaa80000,0x00000007aeb00000)
  from space 10752K, 81% used [0x00000007af580000,0x00000007afe16580,0x00000007b0000000)
  to   space 10752K, 0% used [0x00000007aeb00000,0x00000007aeb00000,0x00000007af580000)
 ParOldGen       total 174592K, used 735K [0x0000000700000000, 0x000000070aa80000, 0x00000007aaa80000)
  object space 174592K, 0% used [0x0000000700000000,0x00000007000b7f38,0x000000070aa80000)
 PSPermGen       total 21504K, used 17933K [0x00000006fae00000, 0x00000006fc300000, 0x0000000700000000)
  object space 21504K, 83% used [0x00000006fae00000,0x00000006fbf835d0,0x00000006fc300000)
}
Event: 17.484 GC heap before
{Heap before GC invocations=3 (full 0):
 PSYoungGen      total 76800K, used 74841K [0x00000007aaa80000, 0x00000007b0000000, 0x0000000800000000)
  eden space 66048K, 100% used [0x00000007aaa80000,0x00000007aeb00000,0x00000007aeb00000)
  from space 10752K, 81% used [0x00000007af580000,0x00000007afe16580,0x00000007b0000000)
  to   space 10752K, 0% used [0x00000007aeb00000,0x00000007aeb00000,0x00000007af580000)
 ParOldGen       total 174592K, used 735K [0x0000000700000000, 0x000000070aa80000, 0x00000007aaa80000)
  object space 174592K, 0% used [0x0000000700000000,0x00000007000b7f38,0x000000070aa80000)
 PSPermGen       total 21504K, used 17954K [0x00000006fae00000, 0x00000006fc300000, 0x0000000700000000)
  object space 21504K, 83% used [0x00000006fae00000,0x00000006fbf88a50,0x00000006fc300000)
Event: 17.490 GC heap after
Heap after GC invocations=3 (full 0):
 PSYoungGen      total 76800K, used 5626K [0x00000007aaa80000, 0x00000007b0000000, 0x0000000800000000)
  eden space 66048K, 0% used [0x00000007aaa80000,0x00000007aaa80000,0x00000007aeb00000)
  from space 10752K, 52% used [0x00000007aeb00000,0x00000007af07e9e8,0x00000007af580000)
  to   space 10752K, 0% used [0x00000007af580000,0x00000007af580000,0x00000007b0000000)
 ParOldGen       total 174592K, used 743K [0x0000000700000000, 0x000000070aa80000, 0x00000007aaa80000)
  object space 174592K, 0% used [0x0000000700000000,0x00000007000b9f38,0x000000070aa80000)
 PSPermGen       total 21504K, used 17954K [0x00000006fae00000, 0x00000006fc300000, 0x0000000700000000)
  object space 21504K, 83% used [0x00000006fae00000,0x00000006fbf88a50,0x00000006fc300000)
}
Event: 24.704 GC heap before
{Heap before GC invocations=4 (full 0):
 PSYoungGen      total 76800K, used 71674K [0x00000007aaa80000, 0x00000007b0000000, 0x0000000800000000)
  eden space 66048K, 100% used [0x00000007aaa80000,0x00000007aeb00000,0x00000007aeb00000)
  from space 10752K, 52% used [0x00000007aeb00000,0x00000007af07e9e8,0x00000007af580000)
  to   space 10752K, 0% used [0x00000007af580000,0x00000007af580000,0x00000007b0000000)
 ParOldGen       total 174592K, used 743K [0x0000000700000000, 0x000000070aa80000, 0x00000007aaa80000)
  object space 174592K, 0% used [0x0000000700000000,0x00000007000b9f38,0x000000070aa80000)
 PSPermGen       total 21504K, used 17966K [0x00000006fae00000, 0x00000006fc300000, 0x0000000700000000)
  object space 21504K, 83% used [0x00000006fae00000,0x00000006fbf8b918,0x00000006fc300000)
Event: 24.709 GC heap after
Heap after GC invocations=4 (full 0):
 PSYoungGen      total 76800K, used 8755K [0x00000007aaa80000, 0x00000007b0000000, 0x0000000800000000)
  eden space 66048K, 0% used [0x00000007aaa80000,0x00000007aaa80000,0x00000007aeb00000)
  from space 10752K, 81% used [0x00000007af580000,0x00000007afe0cc38,0x00000007b0000000)
  to   space 10752K, 0% used [0x00000007aeb00000,0x00000007aeb00000,0x00000007af580000)
 ParOldGen       total 174592K, used 751K [0x0000000700000000, 0x000000070aa80000, 0x00000007aaa80000)
  object space 174592K, 0% used [0x0000000700000000,0x00000007000bbf38,0x000000070aa80000)
 PSPermGen       total 21504K, used 17966K [0x00000006fae00000, 0x00000006fc300000, 0x0000000700000000)
  object space 21504K, 83% used [0x00000006fae00000,0x00000006fbf8b918,0x00000006fc300000)
}
Event: 28.392 GC heap before
{Heap before GC invocations=5 (full 0):
 PSYoungGen      total 76800K, used 74803K [0x00000007aaa80000, 0x00000007b0000000, 0x0000000800000000)
  eden space 66048K, 100% used [0x00000007aaa80000,0x00000007aeb00000,0x00000007aeb00000)
  from space 10752K, 81% used [0x00000007af580000,0x00000007afe0cc38,0x00000007b0000000)
  to   space 10752K, 0% used [0x00000007aeb00000,0x00000007aeb00000,0x00000007af580000)
 ParOldGen       total 174592K, used 751K [0x0000000700000000, 0x000000070aa80000, 0x00000007aaa80000)
  object space 174592K, 0% used [0x0000000700000000,0x00000007000bbf38,0x000000070aa80000)
 PSPermGen       total 21504K, used 18169K [0x00000006fae00000, 0x00000006fc300000, 0x0000000700000000)
  object space 21504K, 84% used [0x00000006fae00000,0x00000006fbfbe5d8,0x00000006fc300000)
Event: 28.397 GC heap after
Heap after GC invocations=5 (full 0):
 PSYoungGen      total 75264K, used 5688K [0x00000007aaa80000, 0x00000007b0180000, 0x0000000800000000)
  eden space 64512K, 0% used [0x00000007aaa80000,0x00000007aaa80000,0x00000007ae980000)
  from space 10752K, 52% used [0x00000007aeb00000,0x00000007af08e120,0x00000007af580000)
  to   space 12288K, 0% used [0x00000007af580000,0x00000007af580000,0x00000007b0180000)
 ParOldGen       total 174592K, used 759K [0x0000000700000000, 0x000000070aa80000, 0x00000007aaa80000)
  object space 174592K, 0% used [0x0000000700000000,0x00000007000bdf38,0x000000070aa80000)
 PSPermGen       total 21504K, used 18169K [0x00000006fae00000, 0x00000006fc300000, 0x0000000700000000)
  object space 21504K, 84% used [0x00000006fae00000,0x00000006fbfbe5d8,0x00000006fc300000)
}
Event: 34.833 GC heap before
{Heap before GC invocations=6 (full 0):
 PSYoungGen      total 75264K, used 70200K [0x00000007aaa80000, 0x00000007b0180000, 0x0000000800000000)
  eden space 64512K, 100% used [0x00000007aaa80000,0x00000007ae980000,0x00000007ae980000)
  from space 10752K, 52% used [0x00000007aeb00000,0x00000007af08e120,0x00000007af580000)
  to   space 12288K, 0% used [0x00000007af580000,0x00000007af580000,0x00000007b0180000)
 ParOldGen       total 174592K, used 759K [0x0000000700000000, 0x000000070aa80000, 0x00000007aaa80000)
  object space 174592K, 0% used [0x0000000700000000,0x00000007000bdf38,0x000000070aa80000)
 PSPermGen       total 21504K, used 18269K [0x00000006fae00000, 0x00000006fc300000, 0x0000000700000000)
  object space 21504K, 84% used [0x00000006fae00000,0x00000006fbfd74d8,0x00000006fc300000)
Event: 34.838 GC heap after
Heap after GC invocations=6 (full 0):
 PSYoungGen      total 73728K, used 6275K [0x00000007aaa80000, 0x00000007b0000000, 0x0000000800000000)
  eden space 62976K, 0% used [0x00000007aaa80000,0x00000007aaa80000,0x00000007ae800000)
  from space 10752K, 58% used [0x00000007af580000,0x00000007afba0ce0,0x00000007b0000000)
  to   space 12288K, 0% used [0x00000007ae800000,0x00000007ae800000,0x00000007af400000)
 ParOldGen       total 174592K, used 767K [0x0000000700000000, 0x000000070aa80000, 0x00000007aaa80000)
  object space 174592K, 0% used [0x0000000700000000,0x00000007000bff38,0x000000070aa80000)
 PSPermGen       total 21504K, used 18269K [0x00000006fae00000, 0x00000006fc300000, 0x0000000700000000)
  object space 21504K, 84% used [0x00000006fae00000,0x00000006fbfd74d8,0x00000006fc300000)
}

